  Lab3.cpp
C:\Users\wylie\OneDrive - University of Cincinnati\UC\23Fall\CS2028\Lab3\Lab3\Lab3.cpp(61,21): error C2374: 'complex1': redefinition; multiple initialization
C:\Users\wylie\OneDrive - University of Cincinnati\UC\23Fall\CS2028\Lab3\Lab3\Lab3.cpp(49,21): message : see declaration of 'complex1'
C:\Users\wylie\OneDrive - University of Cincinnati\UC\23Fall\CS2028\Lab3\Lab3\Lab3.cpp(64,21): error C2374: 'complex2': redefinition; multiple initialization
C:\Users\wylie\OneDrive - University of Cincinnati\UC\23Fall\CS2028\Lab3\Lab3\Lab3.cpp(52,21): message : see declaration of 'complex2'
C:\Users\wylie\OneDrive - University of Cincinnati\UC\23Fall\CS2028\Lab3\Lab3\Lab3.cpp(66,21): error C2374: 'complex3': redefinition; multiple initialization
C:\Users\wylie\OneDrive - University of Cincinnati\UC\23Fall\CS2028\Lab3\Lab3\Lab3.cpp(54,21): message : see declaration of 'complex3'
C:\Users\wylie\OneDrive - University of Cincinnati\UC\23Fall\CS2028\Lab3\Lab3\Lab3.cpp(73,21): error C2374: 'complex1': redefinition; multiple initialization
C:\Users\wylie\OneDrive - University of Cincinnati\UC\23Fall\CS2028\Lab3\Lab3\Lab3.cpp(49,21): message : see declaration of 'complex1'
C:\Users\wylie\OneDrive - University of Cincinnati\UC\23Fall\CS2028\Lab3\Lab3\Lab3.cpp(78,21): error C2374: 'complex3': redefinition; multiple initialization
C:\Users\wylie\OneDrive - University of Cincinnati\UC\23Fall\CS2028\Lab3\Lab3\Lab3.cpp(54,21): message : see declaration of 'complex3'
C:\Users\wylie\OneDrive - University of Cincinnati\UC\23Fall\CS2028\Lab3\Lab3\Lab3.cpp(85,21): error C2374: 'complex1': redefinition; multiple initialization
C:\Users\wylie\OneDrive - University of Cincinnati\UC\23Fall\CS2028\Lab3\Lab3\Lab3.cpp(49,21): message : see declaration of 'complex1'
C:\Users\wylie\OneDrive - University of Cincinnati\UC\23Fall\CS2028\Lab3\Lab3\Lab3.cpp(90,21): error C2374: 'complex3': redefinition; multiple initialization
C:\Users\wylie\OneDrive - University of Cincinnati\UC\23Fall\CS2028\Lab3\Lab3\Lab3.cpp(54,21): message : see declaration of 'complex3'
C:\Users\wylie\OneDrive - University of Cincinnati\UC\23Fall\CS2028\Lab3\Lab3\Lab3.cpp(58,9): error C2360: initialization of 'complex3' is skipped by 'case' label
C:\Users\wylie\OneDrive - University of Cincinnati\UC\23Fall\CS2028\Lab3\Lab3\Lab3.cpp(54,21): message : see declaration of 'complex3'
C:\Users\wylie\OneDrive - University of Cincinnati\UC\23Fall\CS2028\Lab3\Lab3\Lab3.cpp(58,9): error C2360: initialization of 'complex2' is skipped by 'case' label
C:\Users\wylie\OneDrive - University of Cincinnati\UC\23Fall\CS2028\Lab3\Lab3\Lab3.cpp(52,21): message : see declaration of 'complex2'
C:\Users\wylie\OneDrive - University of Cincinnati\UC\23Fall\CS2028\Lab3\Lab3\Lab3.cpp(58,9): error C2360: initialization of 'complex1' is skipped by 'case' label
C:\Users\wylie\OneDrive - University of Cincinnati\UC\23Fall\CS2028\Lab3\Lab3\Lab3.cpp(49,21): message : see declaration of 'complex1'
C:\Users\wylie\OneDrive - University of Cincinnati\UC\23Fall\CS2028\Lab3\Lab3\Lab3.cpp(70,9): error C2360: initialization of 'complex3' is skipped by 'case' label
C:\Users\wylie\OneDrive - University of Cincinnati\UC\23Fall\CS2028\Lab3\Lab3\Lab3.cpp(66,21): message : see declaration of 'complex3'
C:\Users\wylie\OneDrive - University of Cincinnati\UC\23Fall\CS2028\Lab3\Lab3\Lab3.cpp(70,9): error C2360: initialization of 'complex2' is skipped by 'case' label
C:\Users\wylie\OneDrive - University of Cincinnati\UC\23Fall\CS2028\Lab3\Lab3\Lab3.cpp(64,21): message : see declaration of 'complex2'
C:\Users\wylie\OneDrive - University of Cincinnati\UC\23Fall\CS2028\Lab3\Lab3\Lab3.cpp(70,9): error C2360: initialization of 'complex1' is skipped by 'case' label
C:\Users\wylie\OneDrive - University of Cincinnati\UC\23Fall\CS2028\Lab3\Lab3\Lab3.cpp(61,21): message : see declaration of 'complex1'
C:\Users\wylie\OneDrive - University of Cincinnati\UC\23Fall\CS2028\Lab3\Lab3\Lab3.cpp(82,9): error C2360: initialization of 'complex3' is skipped by 'case' label
C:\Users\wylie\OneDrive - University of Cincinnati\UC\23Fall\CS2028\Lab3\Lab3\Lab3.cpp(78,21): message : see declaration of 'complex3'
C:\Users\wylie\OneDrive - University of Cincinnati\UC\23Fall\CS2028\Lab3\Lab3\Lab3.cpp(82,9): error C2360: initialization of 'complex1' is skipped by 'case' label
C:\Users\wylie\OneDrive - University of Cincinnati\UC\23Fall\CS2028\Lab3\Lab3\Lab3.cpp(73,21): message : see declaration of 'complex1'
C:\Users\wylie\OneDrive - University of Cincinnati\UC\23Fall\CS2028\Lab3\Lab3\Lab3.cpp(82,9): error C2360: initialization of 'complex2' is skipped by 'case' label
C:\Users\wylie\OneDrive - University of Cincinnati\UC\23Fall\CS2028\Lab3\Lab3\Lab3.cpp(64,21): message : see declaration of 'complex2'
